2023-04-16T19:16:18.262-0300 [DEBUG] [org.gradle.launcher.daemon.bootstrap.DaemonMain] Assuming the daemon was started with following jvm opts: [-XX:MaxMetaspaceSize=512m, --add-opens, java.base/java.util=ALL-UNNAMED, --add-opens, java.base/java.lang=ALL-UNNAMED, --add-opens, java.base/java.lang.invoke=ALL-UNNAMED, --add-opens, java.base/java.util=ALL-UNNAMED, --add-opens, java.prefs/java.util.prefs=ALL-UNNAMED, --add-opens, java.prefs/java.util.prefs=ALL-UNNAMED, --add-opens, java.base/java.nio.charset=ALL-UNNAMED, --add-opens, java.base/java.net=ALL-UNNAMED, --add-opens, java.base/java.util.concurrent.atomic=ALL-UNNAMED, -Xmx2048m, -Dfile.encoding=windows-1252, -Duser.country=BR, -Duser.language=pt, -Duser.variant]
2023-04-16T19:16:19.226-0300 [DEBUG] [org.gradle.internal.nativeintegration.services.NativeServices] Native-platform posix files integration is not available. Continuing with fallback.
2023-04-16T19:16:19.298-0300 [INFO] [org.gradle.launcher.daemon.server.Daemon] start() called on daemon - DefaultDaemonContext[uid=1b528011-09ad-48f7-aa4b-f217ac999d80,javaHome=D:\Program Files\Android\Android Studio\jbr,daemonRegistryDir=D:\_DEV\_Company\Front\ReactNative\apps\vetApp\android\daemon,pid=11708,idleTimeout=10800000,priority=NORMAL,daemonOpts=-XX:MaxMetaspaceSize=512m,--add-opens,java.base/java.util=ALL-UNNAMED,--add-opens,java.base/java.lang=ALL-UNNAMED,--add-opens,java.base/java.lang.invoke=ALL-UNNAMED,--add-opens,java.base/java.util=ALL-UNNAMED,--add-opens,java.prefs/java.util.prefs=ALL-UNNAMED,--add-opens,java.prefs/java.util.prefs=ALL-UNNAMED,--add-opens,java.base/java.nio.charset=ALL-UNNAMED,--add-opens,java.base/java.net=ALL-UNNAMED,--add-opens,java.base/java.util.concurrent.atomic=ALL-UNNAMED,-Xmx2048m,-Dfile.encoding=windows-1252,-Duser.country=BR,-Duser.language=pt,-Duser.variant]
2023-04-16T19:16:20.221-0300 [DEBUG] [org.gradle.internal.remote.internal.inet.InetAddresses] Adding IP addresses for network interface Software Loopback Interface 1
2023-04-16T19:16:20.227-0300 [DEBUG] [org.gradle.internal.remote.internal.inet.InetAddresses] Is this a loopback interface? true
2023-04-16T19:16:20.231-0300 [DEBUG] [org.gradle.internal.remote.internal.inet.InetAddresses] Adding loopback address /127.0.0.1
2023-04-16T19:16:20.234-0300 [DEBUG] [org.gradle.internal.remote.internal.inet.InetAddresses] Adding loopback address /0:0:0:0:0:0:0:1
2023-04-16T19:16:20.237-0300 [DEBUG] [org.gradle.internal.remote.internal.inet.InetAddresses] Adding IP addresses for network interface RAS Async Adapter
2023-04-16T19:16:20.244-0300 [DEBUG] [org.gradle.internal.remote.internal.inet.InetAddresses] Is this a loopback interface? false
2023-04-16T19:16:20.245-0300 [DEBUG] [org.gradle.internal.remote.internal.inet.InetAddresses] Adding IP addresses for network interface Microsoft 6to4 Adapter
2023-04-16T19:16:20.252-0300 [DEBUG] [org.gradle.internal.remote.internal.inet.InetAddresses] Is this a loopback interface? false
2023-04-16T19:16:20.254-0300 [DEBUG] [org.gradle.internal.remote.internal.inet.InetAddresses] Adding IP addresses for network interface Microsoft Kernel Debug Network Adapter
2023-04-16T19:16:20.259-0300 [DEBUG] [org.gradle.internal.remote.internal.inet.InetAddresses] Is this a loopback interface? false
2023-04-16T19:16:20.260-0300 [DEBUG] [org.gradle.internal.remote.internal.inet.InetAddresses] Adding IP addresses for network interface Microsoft IP-HTTPS Platform Adapter
2023-04-16T19:16:20.266-0300 [DEBUG] [org.gradle.internal.remote.internal.inet.InetAddresses] Is this a loopback interface? false
2023-04-16T19:16:20.267-0300 [DEBUG] [org.gradle.internal.remote.internal.inet.InetAddresses] Adding IP addresses for network interface VirtualBox Host-Only Ethernet Adapter
2023-04-16T19:16:20.273-0300 [DEBUG] [org.gradle.internal.remote.internal.inet.InetAddresses] Is this a loopback interface? false
2023-04-16T19:16:20.275-0300 [DEBUG] [org.gradle.internal.remote.internal.inet.InetAddresses] Adding IP addresses for network interface WAN Miniport (IKEv2)
2023-04-16T19:16:20.282-0300 [DEBUG] [org.gradle.internal.remote.internal.inet.InetAddresses] Is this a loopback interface? false
2023-04-16T19:16:20.285-0300 [DEBUG] [org.gradle.internal.remote.internal.inet.InetAddresses] Adding IP addresses for network interface Microsoft Teredo Tunneling Adapter
2023-04-16T19:16:20.290-0300 [DEBUG] [org.gradle.internal.remote.internal.inet.InetAddresses] Is this a loopback interface? false
2023-04-16T19:16:20.294-0300 [DEBUG] [org.gradle.internal.remote.internal.inet.InetAddresses] Adding IP addresses for network interface WAN Miniport (PPPOE)
2023-04-16T19:16:20.303-0300 [DEBUG] [org.gradle.internal.remote.internal.inet.InetAddresses] Is this a loopback interface? false
2023-04-16T19:16:20.305-0300 [DEBUG] [org.gradle.internal.remote.internal.inet.InetAddresses] Adding IP addresses for network interface WAN Miniport (L2TP)
2023-04-16T19:16:20.315-0300 [DEBUG] [org.gradle.internal.remote.internal.inet.InetAddresses] Is this a loopback interface? false
2023-04-16T19:16:20.317-0300 [DEBUG] [org.gradle.internal.remote.internal.inet.InetAddresses] Adding IP addresses for network interface WAN Miniport (PPTP)
2023-04-16T19:16:20.326-0300 [DEBUG] [org.gradle.internal.remote.internal.inet.InetAddresses] Is this a loopback interface? false
2023-04-16T19:16:20.328-0300 [DEBUG] [org.gradle.internal.remote.internal.inet.InetAddresses] Adding IP addresses for network interface SonicWALL Virtual NIC
2023-04-16T19:16:20.341-0300 [DEBUG] [org.gradle.internal.remote.internal.inet.InetAddresses] Is this a loopback interface? false
2023-04-16T19:16:20.342-0300 [DEBUG] [org.gradle.internal.remote.internal.inet.InetAddresses] Adding IP addresses for network interface WAN Miniport (SSTP)
2023-04-16T19:16:20.351-0300 [DEBUG] [org.gradle.internal.remote.internal.inet.InetAddresses] Is this a loopback interface? false
2023-04-16T19:16:20.353-0300 [DEBUG] [org.gradle.internal.remote.internal.inet.InetAddresses] Adding IP addresses for network interface WAN Miniport (IPv6)
2023-04-16T19:16:20.359-0300 [DEBUG] [org.gradle.internal.remote.internal.inet.InetAddresses] Is this a loopback interface? false
2023-04-16T19:16:20.361-0300 [DEBUG] [org.gradle.internal.remote.internal.inet.InetAddresses] Adding IP addresses for network interface VirtualBox Host-Only Ethernet Adapter #2
2023-04-16T19:16:20.368-0300 [DEBUG] [org.gradle.internal.remote.internal.inet.InetAddresses] Is this a loopback interface? false
2023-04-16T19:16:20.370-0300 [DEBUG] [org.gradle.internal.remote.internal.inet.InetAddresses] Adding IP addresses for network interface WAN Miniport (IP)
2023-04-16T19:16:20.377-0300 [DEBUG] [org.gradle.internal.remote.internal.inet.InetAddresses] Is this a loopback interface? false
2023-04-16T19:16:20.379-0300 [DEBUG] [org.gradle.internal.remote.internal.inet.InetAddresses] Adding IP addresses for network interface Realtek PCIe GbE Family Controller
2023-04-16T19:16:20.385-0300 [DEBUG] [org.gradle.internal.remote.internal.inet.InetAddresses] Is this a loopback interface? false
2023-04-16T19:16:20.387-0300 [DEBUG] [org.gradle.internal.remote.internal.inet.InetAddresses] Adding remote address /192.168.15.2
2023-04-16T19:16:20.389-0300 [DEBUG] [org.gradle.internal.remote.internal.inet.InetAddresses] Adding remote address /2804:7f2:2895:4054:89b6:7cc8:a98a:3baf
2023-04-16T19:16:20.390-0300 [DEBUG] [org.gradle.internal.remote.internal.inet.InetAddresses] Adding remote address /2804:7f2:2895:4054:2135:a6da:6db0:543d
2023-04-16T19:16:20.391-0300 [DEBUG] [org.gradle.internal.remote.internal.inet.InetAddresses] Adding remote address /fe80:0:0:0:79a9:74fe:5bda:b87d%eth6
2023-04-16T19:16:20.393-0300 [DEBUG] [org.gradle.internal.remote.internal.inet.InetAddresses] Adding IP addresses for network interface WAN Miniport (Network Monitor)
2023-04-16T19:16:20.399-0300 [DEBUG] [org.gradle.internal.remote.internal.inet.InetAddresses] Is this a loopback interface? false
2023-04-16T19:16:20.401-0300 [DEBUG] [org.gradle.internal.remote.internal.inet.InetAddresses] Adding IP addresses for network interface Realtek PCIe GbE Family Controller-WFP Native MAC Layer LightWeight Filter-0000
2023-04-16T19:16:20.407-0300 [DEBUG] [org.gradle.internal.remote.internal.inet.InetAddresses] Is this a loopback interface? false
2023-04-16T19:16:20.408-0300 [DEBUG] [org.gradle.internal.remote.internal.inet.InetAddresses] Adding IP addresses for network interface Realtek PCIe GbE Family Controller-Deterministic Network Enhancer-0000
2023-04-16T19:16:20.416-0300 [DEBUG] [org.gradle.internal.remote.internal.inet.InetAddresses] Is this a loopback interface? false
2023-04-16T19:16:20.419-0300 [DEBUG] [org.gradle.internal.remote.internal.inet.InetAddresses] Adding IP addresses for network interface Realtek PCIe GbE Family Controller-QoS Packet Scheduler-0000
2023-04-16T19:16:20.425-0300 [DEBUG] [org.gradle.internal.remote.internal.inet.InetAddresses] Is this a loopback interface? false
2023-04-16T19:16:20.427-0300 [DEBUG] [org.gradle.internal.remote.internal.inet.InetAddresses] Adding IP addresses for network interface Realtek PCIe GbE Family Controller-WFP 802.3 MAC Layer LightWeight Filter-0000
2023-04-16T19:16:20.434-0300 [DEBUG] [org.gradle.internal.remote.internal.inet.InetAddresses] Is this a loopback interface? false
2023-04-16T19:16:20.435-0300 [DEBUG] [org.gradle.internal.remote.internal.inet.InetAddresses] Adding IP addresses for network interface WAN Miniport (IP)-WFP Native MAC Layer LightWeight Filter-0000
2023-04-16T19:16:20.440-0300 [DEBUG] [org.gradle.internal.remote.internal.inet.InetAddresses] Is this a loopback interface? false
2023-04-16T19:16:20.442-0300 [DEBUG] [org.gradle.internal.remote.internal.inet.InetAddresses] Adding IP addresses for network interface WAN Miniport (IP)-Deterministic Network Enhancer-0000
2023-04-16T19:16:20.452-0300 [DEBUG] [org.gradle.internal.remote.internal.inet.InetAddresses] Is this a loopback interface? false
2023-04-16T19:16:20.453-0300 [DEBUG] [org.gradle.internal.remote.internal.inet.InetAddresses] Adding IP addresses for network interface WAN Miniport (IP)-QoS Packet Scheduler-0000
2023-04-16T19:16:20.460-0300 [DEBUG] [org.gradle.internal.remote.internal.inet.InetAddresses] Is this a loopback interface? false
2023-04-16T19:16:20.462-0300 [DEBUG] [org.gradle.internal.remote.internal.inet.InetAddresses] Adding IP addresses for network interface WAN Miniport (IPv6)-WFP Native MAC Layer LightWeight Filter-0000
2023-04-16T19:16:20.469-0300 [DEBUG] [org.gradle.internal.remote.internal.inet.InetAddresses] Is this a loopback interface? false
2023-04-16T19:16:20.471-0300 [DEBUG] [org.gradle.internal.remote.internal.inet.InetAddresses] Adding IP addresses for network interface WAN Miniport (IPv6)-Deterministic Network Enhancer-0000
2023-04-16T19:16:20.476-0300 [DEBUG] [org.gradle.internal.remote.internal.inet.InetAddresses] Is this a loopback interface? false
2023-04-16T19:16:20.478-0300 [DEBUG] [org.gradle.internal.remote.internal.inet.InetAddresses] Adding IP addresses for network interface WAN Miniport (IPv6)-QoS Packet Scheduler-0000
2023-04-16T19:16:20.484-0300 [DEBUG] [org.gradle.internal.remote.internal.inet.InetAddresses] Is this a loopback interface? false
2023-04-16T19:16:20.486-0300 [DEBUG] [org.gradle.internal.remote.internal.inet.InetAddresses] Adding IP addresses for network interface WAN Miniport (Network Monitor)-WFP Native MAC Layer LightWeight Filter-0000
2023-04-16T19:16:20.491-0300 [DEBUG] [org.gradle.internal.remote.internal.inet.InetAddresses] Is this a loopback interface? false
2023-04-16T19:16:20.493-0300 [DEBUG] [org.gradle.internal.remote.internal.inet.InetAddresses] Adding IP addresses for network interface WAN Miniport (Network Monitor)-QoS Packet Scheduler-0000
2023-04-16T19:16:20.503-0300 [DEBUG] [org.gradle.internal.remote.internal.inet.InetAddresses] Is this a loopback interface? false
2023-04-16T19:16:20.509-0300 [DEBUG] [org.gradle.internal.remote.internal.inet.TcpIncomingConnector] Listening on [6c0512af-41ff-43b0-8485-b76358ac4c61 port:50921, addresses:[localhost/127.0.0.1]].
2023-04-16T19:16:20.526-0300 [DEBUG] [org.gradle.launcher.daemon.server.Daemon] Daemon starting at: Sun Apr 16 19:16:20 BRT 2023, with address: [6c0512af-41ff-43b0-8485-b76358ac4c61 port:50921, addresses:[localhost/127.0.0.1]]
2023-04-16T19:16:20.528-0300 [INFO] [org.gradle.launcher.daemon.server.DaemonRegistryUpdater] Advertising the daemon address to the clients: [6c0512af-41ff-43b0-8485-b76358ac4c61 port:50921, addresses:[localhost/127.0.0.1]]
2023-04-16T19:16:20.532-0300 [DEBUG] [org.gradle.launcher.daemon.server.DaemonRegistryUpdater] Advertised daemon context: DefaultDaemonContext[uid=1b528011-09ad-48f7-aa4b-f217ac999d80,javaHome=D:\Program Files\Android\Android Studio\jbr,daemonRegistryDir=D:\_DEV\_Company\Front\ReactNative\apps\vetApp\android\daemon,pid=11708,idleTimeout=10800000,priority=NORMAL,daemonOpts=-XX:MaxMetaspaceSize=512m,--add-opens,java.base/java.util=ALL-UNNAMED,--add-opens,java.base/java.lang=ALL-UNNAMED,--add-opens,java.base/java.lang.invoke=ALL-UNNAMED,--add-opens,java.base/java.util=ALL-UNNAMED,--add-opens,java.prefs/java.util.prefs=ALL-UNNAMED,--add-opens,java.prefs/java.util.prefs=ALL-UNNAMED,--add-opens,java.base/java.nio.charset=ALL-UNNAMED,--add-opens,java.base/java.net=ALL-UNNAMED,--add-opens,java.base/java.util.concurrent.atomic=ALL-UNNAMED,-Xmx2048m,-Dfile.encoding=windows-1252,-Duser.country=BR,-Duser.language=pt,-Duser.variant]
2023-04-16T19:16:20.537-0300 [DEBUG] [org.gradle.launcher.daemon.registry.PersistentDaemonRegistry] Storing daemon address: [6c0512af-41ff-43b0-8485-b76358ac4c61 port:50921, addresses:[localhost/127.0.0.1]], context: DefaultDaemonContext[uid=1b528011-09ad-48f7-aa4b-f217ac999d80,javaHome=D:\Program Files\Android\Android Studio\jbr,daemonRegistryDir=D:\_DEV\_Company\Front\ReactNative\apps\vetApp\android\daemon,pid=11708,idleTimeout=10800000,priority=NORMAL,daemonOpts=-XX:MaxMetaspaceSize=512m,--add-opens,java.base/java.util=ALL-UNNAMED,--add-opens,java.base/java.lang=ALL-UNNAMED,--add-opens,java.base/java.lang.invoke=ALL-UNNAMED,--add-opens,java.base/java.util=ALL-UNNAMED,--add-opens,java.prefs/java.util.prefs=ALL-UNNAMED,--add-opens,java.prefs/java.util.prefs=ALL-UNNAMED,--add-opens,java.base/java.nio.charset=ALL-UNNAMED,--add-opens,java.base/java.net=ALL-UNNAMED,--add-opens,java.base/java.util.concurrent.atomic=ALL-UNNAMED,-Xmx2048m,-Dfile.encoding=windows-1252,-Duser.country=BR,-Duser.language=pt,-Duser.variant]
2023-04-16T19:16:20.566-0300 [DEBUG] [org.gradle.cache.internal.DefaultFileLockManager] Waiting to acquire exclusive lock on daemon addresses registry.
2023-04-16T19:16:20.574-0300 [DEBUG] [org.gradle.cache.internal.DefaultFileLockManager] The file lock for daemon addresses registry is held by a different Gradle process. I was unable to read on which port the owner listens for lock access requests.
2023-04-16T19:16:20.594-0300 [DEBUG] [org.gradle.cache.internal.DefaultFileLockManager] Lock acquired on daemon addresses registry.
2023-04-16T19:16:20.612-0300 [DEBUG] [org.gradle.cache.internal.DefaultFileLockManager] Releasing lock on daemon addresses registry.
2023-04-16T19:16:20.617-0300 [LIFECYCLE] [org.gradle.launcher.daemon.server.Daemon] Daemon server started.
2023-04-16T19:16:20.620-0300 [DEBUG] [org.gradle.launcher.daemon.bootstrap.DaemonStartupCommunication] Completed writing the daemon greeting. Closing streams...
2023-04-16T19:16:20.634-0300 [DEBUG] [org.gradle.launcher.daemon.server.Daemon] stopOnExpiration() called on daemon
2023-04-16T19:16:20.644-0300 [DEBUG] [org.gradle.launcher.daemon.server.Daemon] awaitExpiration() called on daemon
2023-04-16T19:16:20.648-0300 [DEBUG] [org.gradle.launcher.daemon.server.DaemonStateCoordinator] daemon is running. Sleeping until state changes.
2023-04-16T19:16:20.662-0300 [DEBUG] [org.gradle.internal.remote.internal.inet.TcpIncomingConnector] Accepted connection from /127.0.0.1:50923 to /127.0.0.1:50921.
2023-04-16T19:16:20.861-0300 [DEBUG] [org.gradle.launcher.daemon.server.SynchronizedDispatchConnection] thread 19: received class org.gradle.launcher.daemon.protocol.Build
2023-04-16T19:16:20.863-0300 [DEBUG] [org.gradle.launcher.daemon.server.DefaultDaemonConnection] thread 19: Received non-IO message from client: Build{id=d1830a6c-eaf5-4043-a768-2293a1506050, currentDir=D:\_DEV\_Company\Front\ReactNative\apps\vetApp\node_modules\react-native-gradle-plugin}
2023-04-16T19:16:20.865-0300 [INFO] [org.gradle.launcher.daemon.server.DefaultIncomingConnectionHandler] Received command: Build{id=d1830a6c-eaf5-4043-a768-2293a1506050, currentDir=D:\_DEV\_Company\Front\ReactNative\apps\vetApp\node_modules\react-native-gradle-plugin}.
2023-04-16T19:16:20.867-0300 [DEBUG] [org.gradle.launcher.daemon.server.DefaultIncomingConnectionHandler] Starting executing command: Build{id=d1830a6c-eaf5-4043-a768-2293a1506050, currentDir=D:\_DEV\_Company\Front\ReactNative\apps\vetApp\node_modules\react-native-gradle-plugin} with connection: socket connection from /127.0.0.1:50921 to /127.0.0.1:50923.
2023-04-16T19:16:20.887-0300 [DEBUG] [org.gradle.launcher.daemon.server.DaemonStateCoordinator] Command execution: started DaemonCommandExecution[command = Build{id=d1830a6c-eaf5-4043-a768-2293a1506050, currentDir=D:\_DEV\_Company\Front\ReactNative\apps\vetApp\node_modules\react-native-gradle-plugin}, connection = DefaultDaemonConnection: socket connection from /127.0.0.1:50921 to /127.0.0.1:50923] after 0.0 minutes of idle
2023-04-16T19:16:20.888-0300 [INFO] [org.gradle.launcher.daemon.server.DaemonRegistryUpdater] Marking the daemon as busy, address: [6c0512af-41ff-43b0-8485-b76358ac4c61 port:50921, addresses:[localhost/127.0.0.1]]
2023-04-16T19:16:20.890-0300 [DEBUG] [org.gradle.launcher.daemon.registry.PersistentDaemonRegistry] Marking busy by address: [6c0512af-41ff-43b0-8485-b76358ac4c61 port:50921, addresses:[localhost/127.0.0.1]]
2023-04-16T19:16:20.893-0300 [DEBUG] [org.gradle.cache.internal.DefaultFileLockManager] Waiting to acquire exclusive lock on daemon addresses registry.
2023-04-16T19:16:20.928-0300 [DEBUG] [org.gradle.cache.internal.DefaultFileLockManager] The file lock for daemon addresses registry is held by a different Gradle process. I was unable to read on which port the owner listens for lock access requests.
2023-04-16T19:16:20.972-0300 [DEBUG] [org.gradle.cache.internal.DefaultFileLockManager] Lock acquired on daemon addresses registry.
2023-04-16T19:16:21.012-0300 [DEBUG] [org.gradle.cache.internal.DefaultFileLockManager] Releasing lock on daemon addresses registry.
2023-04-16T19:16:21.018-0300 [DEBUG] [org.gradle.launcher.daemon.server.DaemonStateCoordinator] resetting idle timer
2023-04-16T19:16:21.021-0300 [DEBUG] [org.gradle.launcher.daemon.server.DaemonStateCoordinator] daemon is running. Sleeping until state changes.
2023-04-16T19:16:21.023-0300 [INFO] [org.gradle.launcher.daemon.server.exec.StartBuildOrRespondWithBusy] Daemon is about to start building Build{id=d1830a6c-eaf5-4043-a768-2293a1506050, currentDir=D:\_DEV\_Company\Front\ReactNative\apps\vetApp\node_modules\react-native-gradle-plugin}. Dispatching build started information...
2023-04-16T19:16:21.024-0300 [DEBUG] [org.gradle.launcher.daemon.server.SynchronizedDispatchConnection] thread 21: dispatching org.gradle.launcher.daemon.protocol.BuildStarted@4f3dd79
2023-04-16T19:16:21.053-0300 [DEBUG] [org.gradle.launcher.daemon.server.exec.EstablishBuildEnvironment] Configuring env variables: [USERDOMAIN_ROAMINGPROFILE, LOCALAPPDATA, ChocolateyLastPathUpdate, PROCESSOR_LEVEL, USERDOMAIN, LOGONSERVER, JAVA_HOME, SESSIONNAME, ALLUSERSPROFILE, PROCESSOR_ARCHITECTURE, ANDROID_HOME, PSModulePath, SystemDrive, BPPDOMAIN_MANAGER_TYPE, OneDrive, APPDATA, USERNAME, ChocolateyInstall, ProgramFiles(x86), CommonProgramFiles, Path, PATHEXT, DriverData, OS, OneDriveConsumer, COMPUTERNAME, BPPDOMAIN_MANAGER_ASM, PROCESSOR_REVISION, CommonProgramW6432, ComSpec, ProgramData, ProgramW6432, TEMP, HOMEPATH, =D:, SystemRoot, PROCESSOR_IDENTIFIER, HOMEDRIVE, USERPROFILE, TMP, CommonProgramFiles(x86), ProgramFiles, PUBLIC, windir, NUMBER_OF_PROCESSORS, =::, IDEA_INITIAL_DIRECTORY]
2023-04-16T19:16:21.073-0300 [DEBUG] [org.gradle.launcher.daemon.server.exec.LogToClient] About to start relaying all logs to the client via the connection.
2023-04-16T19:16:21.074-0300 [INFO] [org.gradle.launcher.daemon.server.exec.LogToClient] The client will now receive all logging from the daemon (pid: 11708). The daemon log file: D:\_DEV\_Company\Front\ReactNative\apps\vetApp\android\daemon\7.5.1\daemon-11708.out.log
2023-04-16T19:16:21.079-0300 [INFO] [org.gradle.launcher.daemon.server.exec.LogAndCheckHealth] Starting build in new daemon [memory: 2 GiB]
2023-04-16T19:16:21.130-0300 [DEBUG] [org.gradle.launcher.daemon.server.exec.ExecuteBuild] The daemon has started executing the build.
2023-04-16T19:16:21.131-0300 [DEBUG] [org.gradle.launcher.daemon.server.exec.ExecuteBuild] Executing build with daemon context: DefaultDaemonContext[uid=1b528011-09ad-48f7-aa4b-f217ac999d80,javaHome=D:\Program Files\Android\Android Studio\jbr,daemonRegistryDir=D:\_DEV\_Company\Front\ReactNative\apps\vetApp\android\daemon,pid=11708,idleTimeout=10800000,priority=NORMAL,daemonOpts=-XX:MaxMetaspaceSize=512m,--add-opens,java.base/java.util=ALL-UNNAMED,--add-opens,java.base/java.lang=ALL-UNNAMED,--add-opens,java.base/java.lang.invoke=ALL-UNNAMED,--add-opens,java.base/java.util=ALL-UNNAMED,--add-opens,java.prefs/java.util.prefs=ALL-UNNAMED,--add-opens,java.prefs/java.util.prefs=ALL-UNNAMED,--add-opens,java.base/java.nio.charset=ALL-UNNAMED,--add-opens,java.base/java.net=ALL-UNNAMED,--add-opens,java.base/java.util.concurrent.atomic=ALL-UNNAMED,-Xmx2048m,-Dfile.encoding=windows-1252,-Duser.country=BR,-Duser.language=pt,-Duser.variant]
2023-04-16T19:16:21.139-0300 [DEBUG] [org.gradle.launcher.daemon.server.SynchronizedDispatchConnection] thread 19: received class org.gradle.launcher.daemon.protocol.CloseInput
2023-04-16T19:16:21.141-0300 [DEBUG] [org.gradle.launcher.daemon.server.DefaultDaemonConnection] thread 19: Received IO message from client: org.gradle.launcher.daemon.protocol.CloseInput@5a63a9e0
Closing daemon's stdin at end of input.
:react-native-firebase_app package.json found at D:\_DEV\_Company\Front\ReactNative\apps\vetApp\node_modules\@react-native-firebase\app\package.json
:react-native-firebase_app:firebase.bom using default value: 31.4.0
:react-native-firebase_app:play.play-services-auth using default value: 20.3.0
:react-native-firebase_app package.json found at D:\_DEV\_Company\Front\ReactNative\apps\vetApp\node_modules\@react-native-firebase\app\package.json
:react-native-firebase_app:version set from package.json: 17.4.2 (17,4,2 - 17004002)
:react-native-firebase_app:android.compileSdk using custom value: 33
:react-native-firebase_app:android.targetSdk using custom value: 33
:react-native-firebase_app:android.minSdk using custom value: 21
:react-native-firebase_app:reactNativeAndroidDir D:\_DEV\_Company\Front\ReactNative\apps\vetApp\node_modules\react-native\android
:react-native-firebase_auth package.json found at D:\_DEV\_Company\Front\ReactNative\apps\vetApp\node_modules\@react-native-firebase\auth\package.json
:react-native-firebase_app package.json found at D:\_DEV\_Company\Front\ReactNative\apps\vetApp\node_modules\@react-native-firebase\app\package.json
:react-native-firebase_auth:firebase.bom using default value: 31.4.0
:react-native-firebase_auth package.json found at D:\_DEV\_Company\Front\ReactNative\apps\vetApp\node_modules\@react-native-firebase\auth\package.json
:react-native-firebase_auth:version set from package.json: 17.4.2 (17,4,2 - 17004002)
:react-native-firebase_auth:android.compileSdk using custom value: 33
:react-native-firebase_auth:android.targetSdk using custom value: 33
:react-native-firebase_auth:android.minSdk using custom value: 21
:react-native-firebase_auth:reactNativeAndroidDir D:\_DEV\_Company\Front\ReactNative\apps\vetApp\node_modules\react-native\android
:react-native-firebase_firestore package.json found at D:\_DEV\_Company\Front\ReactNative\apps\vetApp\node_modules\@react-native-firebase\firestore\package.json
:react-native-firebase_app package.json found at D:\_DEV\_Company\Front\ReactNative\apps\vetApp\node_modules\@react-native-firebase\app\package.json
:react-native-firebase_firestore:firebase.bom using default value: 31.4.0
:react-native-firebase_firestore package.json found at D:\_DEV\_Company\Front\ReactNative\apps\vetApp\node_modules\@react-native-firebase\firestore\package.json
:react-native-firebase_firestore:version set from package.json: 17.4.2 (17,4,2 - 17004002)
:react-native-firebase_firestore:android.compileSdk using custom value: 33
:react-native-firebase_firestore:android.targetSdk using custom value: 33
:react-native-firebase_firestore:android.minSdk using custom value: 21
:react-native-firebase_firestore:reactNativeAndroidDir D:\_DEV\_Company\Front\ReactNative\apps\vetApp\node_modules\react-native\android
No AAR for react-native-reanimated found. Attempting to build from source.
Android gradle plugin: 7.3.1
Gradle: 7.5.1

The Kotlin Gradle plugin was loaded multiple times in different subprojects, which is not supported and may break the build. 
This might happen in subprojects that apply the Kotlin plugins with the Gradle 'plugins { ... }' DSL if they specify explicit versions, even if the versions are equal.
Please add the Kotlin plugin to the common parent project or the root project, then remove the versions in the subprojects.
If the parent project does not need the plugin, add 'apply false' to the plugin line.
See: https://docs.gradle.org/current/userguide/plugins.html#sec:subprojects_plugins_dsl
The Kotlin plugin was loaded in the following projects: ':react-native-gesture-handler', ':react-native-screens'
Daemon will be stopped at the end of the build stop command received
Daemon vm is shutting down... The daemon has exited normally or was terminated in response to a user interrupt.
